Timestamp,CPU_Load,DRAM_Usage
2024-06-02 15:08:09,34.34000
34.34000,36.21066
2024-06-02 15:08:11,7.00000
7.00000,36.26953
2024-06-02 15:08:13,1.00000
1.00000,36.26953
2024-06-02 15:08:15,1.01000
1.01000,35.37939
2024-06-02 15:08:17,2.00000
2.00000,35.35617
2024-06-02 15:08:19,2.02000
2.02000,35.35617
2024-06-02 15:08:21,3.88000
3.88000,35.35617
2024-06-02 15:08:23,2.00000
2.00000,35.35617
2024-06-02 15:08:25,2.97000
2.97000,35.35617
2024-06-02 15:08:27,2.00000
2.00000,35.24797
2024-06-02 15:08:29,2.00000
2.00000,35.24797
2024-06-02 15:08:31,28.00000
28.00000,35.24797
2024-06-02 15:08:33,2.97000
2.97000,35.24797
2024-06-02 15:08:35,1.00000
1.00000,35.24797
2024-06-02 15:08:37,2.00000
2.00000,35.24797
2024-06-02 15:08:39,2.00000
2.00000,35.24797
2024-06-02 15:08:41,2.97000
2.97000,35.24797
2024-06-02 15:08:43,2.02000
2.02000,35.24797
2024-06-02 15:08:45,1.98000
1.98000,35.24797
2024-06-02 15:08:47,1.01000
1.01000,35.24797
2024-06-02 15:08:49,2.00000
2.00000,35.24797
2024-06-02 15:08:51,2.00000
2.00000,35.24797
2024-06-02 15:08:53,2.00000
2.00000,35.24797
2024-06-02 15:08:55,1.01000
1.01000,35.24797
2024-06-02 15:08:57,2.00000
2.00000,35.24797
2024-06-02 15:08:59,2.00000
2.00000,35.24797
2024-06-02 15:09:01,2.00000
2.00000,35.24797
2024-06-02 15:09:03,2.00000
2.00000,35.24797
2024-06-02 15:09:05,1.01000
1.01000,35.24797
2024-06-02 15:09:07,1.00000
1.00000,35.24797
2024-06-02 15:09:09,2.02000
2.02000,35.24797
2024-06-02 15:09:11,2.00000
2.00000,35.24837
2024-06-02 15:09:13,2.02000
2.02000,35.24837
2024-06-02 15:09:15,1.01000
1.01000,35.24837
2024-06-02 15:09:17,1.01000
1.01000,35.24837
2024-06-02 15:09:19,2.00000
2.00000,35.24837
2024-06-02 15:09:21,2.00000
2.00000,35.24837
2024-06-02 15:09:23,2.00000
2.00000,35.24837
2024-06-02 15:09:25,2.00000
2.00000,35.24837
2024-06-02 15:09:27,1.98000
1.98000,35.24837
2024-06-02 15:09:29,2.00000
2.00000,35.24837
2024-06-02 15:09:31,1.01000
1.01000,35.24837
2024-06-02 15:09:33,1.01000
1.01000,35.24837
2024-06-02 15:09:35,2.97000
2.97000,35.24832
2024-06-02 15:09:37,2.00000
2.00000,35.24832
2024-06-02 15:09:39,2.02000
2.02000,35.24832
2024-06-02 15:09:41,1.01000
1.01000,35.24832
2024-06-02 15:09:43,2.00000
2.00000,35.24832
2024-06-02 15:09:45,2.00000
2.00000,35.24832
2024-06-02 15:09:47,1.01000
1.01000,35.24832
2024-06-02 15:09:49,3.96000
3.96000,35.24832
2024-06-02 15:09:51,1.00000
1.00000,35.24832
2024-06-02 15:09:53,2.00000
2.00000,35.24832
2024-06-02 15:09:55,1.01000
1.01000,35.24832
2024-06-02 15:09:58,1.01000
1.01000,35.24832
2024-06-02 15:10:00,3.96000
3.96000,35.29903
2024-06-02 15:10:02,1.01000
1.01000,35.29903
2024-06-02 15:10:04,1.98000
1.98000,35.29903
2024-06-02 15:10:06,2.97000
2.97000,35.29903
2024-06-02 15:10:08,1.00000
1.00000,35.29903
2024-06-02 15:10:10,2.02000
2.02000,35.29903
2024-06-02 15:10:12,1.01000
1.01000,35.29903
2024-06-02 15:10:14,1.00000
1.00000,35.29903
2024-06-02 15:10:16,2.00000
2.00000,35.29903
2024-06-02 15:10:18,2.00000
2.00000,35.29903
2024-06-02 15:10:20,2.97000
2.97000,35.29903
2024-06-02 15:10:22,1.01000
1.01000,35.29903
2024-06-02 15:10:24,0.00000
0.00000,35.29903
2024-06-02 15:10:26,1.01000
1.01000,35.29903
2024-06-02 15:10:28,1.01000
1.01000,35.29903
2024-06-02 15:10:30,2.02000
2.02000,35.29903
2024-06-02 15:10:32,1.01000
1.01000,35.29903
2024-06-02 15:10:34,0.00000
0.00000,35.29903
2024-06-02 15:10:36,2.97000
2.97000,35.29903
2024-06-02 15:10:38,1.01000
1.01000,35.29903
2024-06-02 15:10:40,2.00000
2.00000,35.29903
2024-06-02 15:10:42,2.00000
2.00000,35.29903
2024-06-02 15:10:44,1.01000
1.01000,35.29903
2024-06-02 15:10:46,1.98000
1.98000,35.29903
2024-06-02 15:10:48,1.98000
1.98000,35.29903
2024-06-02 15:10:50,1.01000
1.01000,35.29903
2024-06-02 15:10:52,2.00000
2.00000,35.29903
2024-06-02 15:10:54,1.00000
1.00000,35.29903
2024-06-02 15:10:56,2.94000
2.94000,35.29903
2024-06-02 15:10:58,2.00000
2.00000,35.29903
2024-06-02 15:11:00,2.02000
2.02000,35.29903
2024-06-02 15:11:02,1.01000
1.01000,35.29903
2024-06-02 15:11:04,1.00000
1.00000,35.29903
2024-06-02 15:11:06,0.00000
0.00000,35.29903
2024-06-02 15:11:08,3.96000
3.96000,35.29912
2024-06-02 15:11:10,1.96000
1.96000,35.29912
2024-06-02 15:11:12,1.00000
1.00000,35.29908
2024-06-02 15:11:14,2.00000
2.00000,35.29908
2024-06-02 15:11:16,0.00000
0.00000,35.29908
2024-06-02 15:11:18,1.00000
1.00000,35.29908
2024-06-02 15:11:20,0.00000
0.00000,35.29908
2024-06-02 15:11:22,0.00000
0.00000,35.29908
2024-06-02 15:11:24,2.00000
2.00000,35.29908
2024-06-02 15:11:26,1.98000
1.98000,35.29908
2024-06-02 15:11:28,1.00000
1.00000,35.29908
2024-06-02 15:11:30,1.00000
1.00000,35.29908
2024-06-02 15:11:32,1.00000
1.00000,35.29908
2024-06-02 15:11:34,1.00000
1.00000,35.29903
2024-06-02 15:11:36,1.00000
1.00000,35.29903
2024-06-02 15:11:38,0.00000
0.00000,35.29903
2024-06-02 15:11:40,0.00000
0.00000,35.29903
2024-06-02 15:11:42,0.00000
0.00000,35.29903
2024-06-02 15:11:44,1.01000
1.01000,35.29903
2024-06-02 15:11:47,0.00000
0.00000,35.29903
2024-06-02 15:11:49,2.00000
2.00000,35.29903
2024-06-02 15:11:51,1.00000
1.00000,35.29888
2024-06-02 15:11:53,1.00000
1.00000,35.29888
2024-06-02 15:11:55,2.00000
2.00000,35.29888
2024-06-02 15:11:57,1.00000
1.00000,35.29878
2024-06-02 15:11:59,1.00000
1.00000,35.29878
2024-06-02 15:12:01,0.00000
0.00000,35.29878
2024-06-02 15:12:03,0.00000
0.00000,35.27139
2024-06-02 15:12:05,1.00000
1.00000,35.27139
2024-06-02 15:12:07,1.00000
1.00000,35.27139
2024-06-02 15:12:09,4.00000
4.00000,35.27139
2024-06-02 15:12:11,1.00000
1.00000,35.27159
2024-06-02 15:12:13,1.00000
1.00000,35.27159
2024-06-02 15:12:15,2.00000
2.00000,35.27159
2024-06-02 15:12:17,0.00000
0.00000,35.27159
2024-06-02 15:12:19,0.00000
0.00000,35.27159
2024-06-02 15:12:21,2.00000
2.00000,35.27159
2024-06-02 15:12:23,1.98000
1.98000,35.27159
2024-06-02 15:12:25,0.00000
0.00000,35.27451
2024-06-02 15:12:27,0.00000
0.00000,35.27451
2024-06-02 15:12:29,2.97000
2.97000,35.27451
2024-06-02 15:12:31,2.00000
2.00000,35.27451
2024-06-02 15:12:33,1.00000
1.00000,35.27451
2024-06-02 15:12:35,1.00000
1.00000,35.27451
2024-06-02 15:12:37,0.00000
0.00000,35.27451
2024-06-02 15:12:39,2.00000
2.00000,35.27451
2024-06-02 15:12:41,1.00000
1.00000,35.27451
2024-06-02 15:12:43,0.00000
0.00000,35.27451
2024-06-02 15:12:45,0.00000
0.00000,35.27451
2024-06-02 15:12:47,1.98000
1.98000,35.27451
2024-06-02 15:12:49,1.00000
1.00000,35.27451
2024-06-02 15:12:51,1.00000
1.00000,35.27451
2024-06-02 15:12:53,2.00000
2.00000,35.27451
2024-06-02 15:12:55,0.00000
0.00000,35.27451
2024-06-02 15:12:57,1.00000
1.00000,35.27451
2024-06-02 15:12:59,2.97000
2.97000,35.27451
2024-06-02 15:13:01,1.00000
1.00000,35.27451
2024-06-02 15:13:04,0.00000
0.00000,35.27451
2024-06-02 15:13:06,1.01000
1.01000,35.27451
2024-06-02 15:13:08,1.00000
1.00000,35.27451
2024-06-02 15:13:10,2.97000
2.97000,35.27451
2024-06-02 15:13:12,0.00000
0.00000,35.27451
2024-06-02 15:13:14,1.98000
1.98000,35.27451
2024-06-02 15:13:16,0.00000
0.00000,35.27451
2024-06-02 15:13:18,1.00000
1.00000,35.27451
2024-06-02 15:13:20,1.98000
1.98000,35.27451
2024-06-02 15:13:22,0.00000
0.00000,35.27451
2024-06-02 15:13:24,0.00000
0.00000,35.27451
2024-06-02 15:13:26,0.00000
0.00000,35.27451
2024-06-02 15:13:28,1.00000
1.00000,35.27451
2024-06-02 15:13:30,1.01000
1.01000,35.27451
2024-06-02 15:13:32,1.98000
1.98000,35.27446
2024-06-02 15:13:34,0.00000
0.00000,35.27446
2024-06-02 15:13:36,1.00000
1.00000,35.27446
2024-06-02 15:13:38,1.00000
1.00000,35.27446
2024-06-02 15:13:40,2.94000
2.94000,35.27446
2024-06-02 15:13:42,0.00000
0.00000,35.27446
2024-06-02 15:13:44,0.00000
0.00000,35.27446
2024-06-02 15:13:46,1.00000
1.00000,35.27446
2024-06-02 15:13:48,0.00000
0.00000,35.27446
2024-06-02 15:13:50,0.00000
0.00000,35.27446
2024-06-02 15:13:52,0.00000
0.00000,35.27446
2024-06-02 15:13:54,2.94000
2.94000,35.27446
2024-06-02 15:13:56,1.00000
1.00000,35.27446
2024-06-02 15:13:58,1.00000
1.00000,35.27446
2024-06-02 15:14:00,1.98000
1.98000,35.27446
2024-06-02 15:14:02,0.00000
0.00000,35.27446
2024-06-02 15:14:04,0.00000
0.00000,35.27446
2024-06-02 15:14:06,1.00000
1.00000,35.27446
2024-06-02 15:14:08,3.00000
3.00000,35.27446
2024-06-02 15:14:10,0.00000
0.00000,35.27446
2024-06-02 15:14:12,0.99000
0.99000,35.27446
2024-06-02 15:14:14,0.00000
0.00000,35.27446
2024-06-02 15:14:16,0.00000
0.00000,35.27442
2024-06-02 15:14:18,0.00000
0.00000,35.27442
2024-06-02 15:14:21,1.00000
1.00000,35.27442
2024-06-02 15:14:23,1.00000
1.00000,35.27442
2024-06-02 15:14:25,0.00000
0.00000,35.27442
2024-06-02 15:14:27,0.00000
0.00000,35.27442
2024-06-02 15:14:29,0.00000
0.00000,35.27442
2024-06-02 15:14:31,1.00000
1.00000,35.27442
2024-06-02 15:14:33,1.98000
1.98000,35.27442
2024-06-02 15:14:35,0.00000
0.00000,35.27442
2024-06-02 15:14:37,1.00000
1.00000,35.27442
2024-06-02 15:14:39,0.00000
0.00000,35.27442
2024-06-02 15:14:41,1.00000
1.00000,35.27442
2024-06-02 15:14:43,1.00000
1.00000,35.27442
2024-06-02 15:14:45,0.00000
0.00000,35.27442
2024-06-02 15:14:47,0.99000
0.99000,35.27442
2024-06-02 15:14:49,1.00000
1.00000,35.27442
2024-06-02 15:14:51,0.00000
0.00000,35.27442
2024-06-02 15:14:53,1.00000
1.00000,35.27442
2024-06-02 15:14:55,0.00000
0.00000,35.27442
2024-06-02 15:14:57,0.00000
0.00000,35.27442
2024-06-02 15:14:59,0.99000
0.99000,35.27442
2024-06-02 15:15:01,0.00000
0.00000,35.27437
2024-06-02 15:15:03,0.00000
0.00000,35.27437
2024-06-02 15:15:05,1.00000
1.00000,35.27437
2024-06-02 15:15:07,0.00000
0.00000,35.27437
2024-06-02 15:15:09,1.01000
1.01000,35.27437
2024-06-02 15:15:11,1.01000
1.01000,35.27437
2024-06-02 15:15:13,1.01000
1.01000,35.27437
2024-06-02 15:15:15,1.98000
1.98000,35.27437
2024-06-02 15:15:17,1.00000
1.00000,35.32507
2024-06-02 15:15:19,0.00000
0.00000,35.32507
2024-06-02 15:15:21,2.00000
2.00000,35.32507
2024-06-02 15:15:23,0.00000
0.00000,35.29769
2024-06-02 15:15:25,1.00000
1.00000,35.29769
2024-06-02 15:15:27,0.99000
0.99000,35.29769
2024-06-02 15:15:29,0.00000
0.00000,35.29769
2024-06-02 15:15:31,0.00000
0.00000,35.29764
2024-06-02 15:15:33,1.98000
1.98000,35.29764
2024-06-02 15:15:35,1.98000
1.98000,35.29764
2024-06-02 15:15:38,1.00000
1.00000,35.29764
2024-06-02 15:15:40,0.00000
0.00000,35.29764
2024-06-02 15:15:42,0.00000
0.00000,35.29764
2024-06-02 15:15:44,1.00000
1.00000,35.29764
2024-06-02 15:15:46,0.00000
0.00000,35.29764
2024-06-02 15:15:48,0.00000
0.00000,35.29764
2024-06-02 15:15:50,1.00000
1.00000,35.29764
2024-06-02 15:15:52,0.00000
0.00000,35.29764
2024-06-02 15:15:54,0.00000
0.00000,35.29764
2024-06-02 15:15:56,1.00000
1.00000,35.29764
2024-06-02 15:15:58,0.00000
0.00000,35.29764
2024-06-02 15:16:00,0.00000
0.00000,35.29764
2024-06-02 15:16:02,0.00000
0.00000,35.29764
2024-06-02 15:16:04,0.99000
0.99000,35.29764
2024-06-02 15:16:06,0.00000
0.00000,35.29764
2024-06-02 15:16:08,2.04000
2.04000,35.29764
2024-06-02 15:16:10,0.00000
0.00000,35.29764
2024-06-02 15:16:12,1.01000
1.01000,35.29764
2024-06-02 15:16:14,1.00000
1.00000,35.29764
2024-06-02 15:16:16,0.00000
0.00000,35.29764
2024-06-02 15:16:18,1.01000
1.01000,35.29764
2024-06-02 15:16:20,0.00000
0.00000,35.29764
2024-06-02 15:16:22,0.00000
0.00000,35.29764
2024-06-02 15:16:24,0.00000
0.00000,35.29764
2024-06-02 15:16:26,0.00000
0.00000,35.29764
2024-06-02 15:16:28,0.00000
0.00000,35.29764
2024-06-02 15:16:30,1.00000
1.00000,35.29764
2024-06-02 15:16:32,1.00000
1.00000,35.29764
2024-06-02 15:16:34,1.98000
1.98000,35.29764
2024-06-02 15:16:36,1.01000
1.01000,35.29764
2024-06-02 15:16:38,1.00000
1.00000,35.29764
2024-06-02 15:16:40,0.00000
0.00000,35.29764
2024-06-02 15:16:42,0.00000
0.00000,35.29764
2024-06-02 15:16:44,1.00000
1.00000,35.29764
2024-06-02 15:16:46,1.98000
1.98000,35.29764
2024-06-02 15:16:48,0.00000
0.00000,35.29972
2024-06-02 15:16:50,0.00000
0.00000,35.29957
2024-06-02 15:16:53,1.00000
1.00000,35.29957
2024-06-02 15:16:55,1.01000
1.01000,35.29957
2024-06-02 15:16:57,1.00000
1.00000,35.29957
2024-06-02 15:16:59,1.00000
1.00000,35.29957
2024-06-02 15:17:01,1.98000
1.98000,35.29957
2024-06-02 15:17:03,0.00000
0.00000,35.29957
2024-06-02 15:17:05,0.00000
0.00000,35.29957
2024-06-02 15:17:07,1.01000
1.01000,35.29957
2024-06-02 15:17:09,3.03000
3.03000,35.29957
2024-06-02 15:17:11,0.00000
0.00000,35.29957
2024-06-02 15:17:13,0.00000
0.00000,35.29957
2024-06-02 15:17:15,0.00000
0.00000,35.29957
2024-06-02 15:17:17,1.98000
1.98000,35.29957
2024-06-02 15:17:19,1.00000
1.00000,35.29957
2024-06-02 15:17:21,0.99000
0.99000,35.29952
2024-06-02 15:17:23,1.00000
1.00000,35.29952
2024-06-02 15:17:25,0.00000
0.00000,35.29967
2024-06-02 15:17:27,1.00000
1.00000,35.29967
2024-06-02 15:17:29,1.00000
1.00000,35.29962
2024-06-02 15:17:31,0.00000
0.00000,35.29962
2024-06-02 15:17:33,1.00000
1.00000,35.29962
2024-06-02 15:17:35,1.00000
1.00000,35.29962
2024-06-02 15:17:37,1.01000
1.01000,35.29962
2024-06-02 15:17:39,1.98000
1.98000,35.29962
2024-06-02 15:17:41,0.00000
0.00000,35.29962
2024-06-02 15:17:43,1.00000
1.00000,35.29962
2024-06-02 15:17:45,0.00000
0.00000,35.29962
2024-06-02 15:17:47,1.00000
1.00000,35.29962
2024-06-02 15:17:49,1.00000
1.00000,35.29962
2024-06-02 15:17:51,2.00000
2.00000,35.29962
2024-06-02 15:17:53,0.00000
0.00000,35.29962
2024-06-02 15:17:55,1.00000
1.00000,35.29962
2024-06-02 15:17:57,1.00000
1.00000,35.29962
2024-06-02 15:17:59,1.00000
1.00000,35.29962
2024-06-02 15:18:01,1.98000
1.98000,35.29962
2024-06-02 15:18:03,0.99000
0.99000,35.29962
2024-06-02 15:18:05,0.99000
0.99000,35.29962
2024-06-02 15:18:07,0.99000
0.99000,35.29962
2024-06-02 15:18:09,2.94000
2.94000,35.29962
2024-06-02 15:18:12,1.98000
1.98000,35.29962
2024-06-02 15:18:14,1.98000
1.98000,35.29962
2024-06-02 15:18:16,0.00000
0.00000,35.29962
2024-06-02 15:18:18,0.00000
0.00000,35.29962
2024-06-02 15:18:20,0.00000
0.00000,35.29962
2024-06-02 15:18:22,1.00000
1.00000,35.29962
2024-06-02 15:18:24,0.00000
0.00000,35.29962
2024-06-02 15:18:26,1.00000
1.00000,35.29962
2024-06-02 15:18:28,1.98000
1.98000,35.29962
2024-06-02 15:18:30,1.00000
1.00000,35.29962
2024-06-02 15:18:32,2.00000
2.00000,35.29962
2024-06-02 15:18:34,0.00000
0.00000,35.29962
2024-06-02 15:18:36,0.00000
0.00000,35.29962
2024-06-02 15:18:38,1.00000
1.00000,35.29962
2024-06-02 15:18:40,1.00000
1.00000,35.29962
2024-06-02 15:18:42,1.00000
1.00000,35.29962
2024-06-02 15:18:44,0.00000
0.00000,35.29962
2024-06-02 15:18:46,1.00000
1.00000,35.29962
2024-06-02 15:18:48,0.00000
0.00000,35.29962
2024-06-02 15:18:50,1.00000
1.00000,35.29962
2024-06-02 15:18:52,1.01000
1.01000,35.29962
2024-06-02 15:18:54,0.00000
0.00000,35.29962
2024-06-02 15:18:56,1.00000
1.00000,35.29962
2024-06-02 15:18:58,0.00000
0.00000,35.29962
2024-06-02 15:19:00,1.98000
1.98000,35.29962
2024-06-02 15:19:02,1.98000
1.98000,35.29962
2024-06-02 15:19:04,2.94000
2.94000,35.29962
2024-06-02 15:19:06,1.00000
1.00000,35.29962
2024-06-02 15:19:08,3.00000
3.00000,35.29962
2024-06-02 15:19:10,1.00000
1.00000,35.29962
2024-06-02 15:19:12,1.00000
1.00000,35.29962
2024-06-02 15:19:14,1.00000
1.00000,35.29962
2024-06-02 15:19:16,1.00000
1.00000,35.29962
2024-06-02 15:19:18,0.00000
0.00000,35.29962
2024-06-02 15:19:20,1.98000
1.98000,35.29962
2024-06-02 15:19:22,1.00000
1.00000,35.29962
2024-06-02 15:19:24,0.00000
0.00000,35.29962
2024-06-02 15:19:26,0.00000
0.00000,35.29962
2024-06-02 15:19:29,1.98000
1.98000,35.29957
2024-06-02 15:19:31,1.00000
1.00000,35.29957
2024-06-02 15:19:33,0.00000
0.00000,35.29957
2024-06-02 15:19:35,0.00000
0.00000,35.29957
2024-06-02 15:19:37,1.00000
1.00000,35.29957
2024-06-02 15:19:39,1.01000
1.01000,35.29957
2024-06-02 15:19:41,1.00000
1.00000,35.29957
2024-06-02 15:19:43,2.00000
2.00000,35.27308
2024-06-02 15:19:45,1.98000
1.98000,35.25664
2024-06-02 15:19:47,1.00000
1.00000,35.25941
2024-06-02 15:19:49,1.00000
1.00000,35.25941
2024-06-02 15:19:51,1.00000
1.00000,35.25624
2024-06-02 15:19:53,0.00000
0.00000,35.25624
2024-06-02 15:19:55,1.98000
1.98000,35.19845
2024-06-02 15:19:57,0.00000
0.00000,35.19529
2024-06-02 15:19:59,1.00000
1.00000,35.19529
2024-06-02 15:20:01,0.00000
0.00000,35.19529
2024-06-02 15:20:03,0.00000
0.00000,35.19529
2024-06-02 15:20:05,0.00000
0.00000,35.18414
2024-06-02 15:20:07,1.01000
1.01000,35.18414
2024-06-02 15:20:09,1.98000
1.98000,35.18414
2024-06-02 15:20:11,1.00000
1.00000,35.18414
2024-06-02 15:20:13,1.00000
1.00000,35.18414
2024-06-02 15:20:15,0.00000
0.00000,35.18603
2024-06-02 15:20:17,2.94000
2.94000,35.17934
2024-06-02 15:20:19,0.00000
0.00000,35.17934
2024-06-02 15:20:21,0.00000
0.00000,35.17934
2024-06-02 15:20:23,0.00000
0.00000,35.17894
2024-06-02 15:20:25,1.00000
1.00000,35.15107
2024-06-02 15:20:27,0.00000
0.00000,35.12621
2024-06-02 15:20:29,0.00000
0.00000,35.12621
2024-06-02 15:20:31,1.01000
1.01000,35.12621
2024-06-02 15:20:33,0.00000
0.00000,35.12621
2024-06-02 15:20:35,1.00000
1.00000,35.12096
2024-06-02 15:20:37,1.00000
1.00000,35.12051
2024-06-02 15:20:39,1.01000
1.01000,35.12002
2024-06-02 15:20:41,1.00000
1.00000,35.12234
2024-06-02 15:20:43,0.00000
0.00000,35.11873
2024-06-02 15:20:46,1.00000
1.00000,35.11556
2024-06-02 15:20:48,0.00000
0.00000,35.11214
2024-06-02 15:20:50,0.00000
0.00000,35.11427
2024-06-02 15:20:52,1.01000
1.01000,35.11066
2024-06-02 15:20:54,0.00000
0.00000,35.10749
2024-06-02 15:20:56,1.00000
1.00000,35.10620
2024-06-02 15:20:58,1.00000
1.00000,35.10897
2024-06-02 15:21:00,1.00000
1.00000,35.10853
2024-06-02 15:21:02,0.00000
0.00000,35.10853
2024-06-02 15:21:04,0.00000
0.00000,35.10843
2024-06-02 15:21:06,1.00000
1.00000,35.10803
2024-06-02 15:21:08,1.00000
1.00000,35.10803
2024-06-02 15:21:10,1.00000
1.00000,35.10803
2024-06-02 15:21:12,2.94000
2.94000,35.10803
2024-06-02 15:21:14,1.00000
1.00000,35.11115
2024-06-02 15:21:16,1.00000
1.00000,35.11115
2024-06-02 15:21:18,1.00000
1.00000,35.11115
2024-06-02 15:21:20,1.98000
1.98000,35.11115
2024-06-02 15:21:22,1.00000
1.00000,35.11115
2024-06-02 15:21:24,0.00000
0.00000,35.11115
2024-06-02 15:21:26,0.00000
0.00000,35.11110
2024-06-02 15:21:28,1.00000
1.00000,35.11110
2024-06-02 15:21:30,1.98000
1.98000,35.11110
2024-06-02 15:21:32,0.00000
0.00000,35.11110
2024-06-02 15:21:34,1.00000
1.00000,35.11110
2024-06-02 15:21:36,0.00000
0.00000,35.11110
2024-06-02 15:21:38,0.00000
0.00000,35.11110
2024-06-02 15:21:40,1.98000
1.98000,35.11110
2024-06-02 15:21:42,2.00000
2.00000,35.11110
2024-06-02 15:21:44,0.00000
0.00000,35.11110
2024-06-02 15:21:46,1.00000
1.00000,35.11110
2024-06-02 15:21:48,2.94000
2.94000,35.11110
2024-06-02 15:21:50,1.00000
1.00000,35.11096
2024-06-02 15:21:52,2.00000
2.00000,35.11096
2024-06-02 15:21:54,1.00000
1.00000,35.11096
2024-06-02 15:21:56,1.00000
1.00000,35.11096
2024-06-02 15:21:58,1.00000
1.00000,35.11096
2024-06-02 15:22:01,1.00000
1.00000,35.11096
2024-06-02 15:22:03,2.97000
2.97000,35.11096
2024-06-02 15:22:05,0.00000
0.00000,35.11096
2024-06-02 15:22:07,1.00000
1.00000,35.11096
2024-06-02 15:22:09,5.88000
5.88000,35.11096
2024-06-02 15:22:11,1.98000
1.98000,35.11096
2024-06-02 15:22:13,1.98000
1.98000,35.11096
2024-06-02 15:22:15,0.00000
0.00000,35.11096
2024-06-02 15:22:17,0.00000
0.00000,35.11096
2024-06-02 15:22:19,0.00000
0.00000,35.11096
2024-06-02 15:22:21,1.00000
1.00000,35.11096
2024-06-02 15:22:23,1.98000
1.98000,35.11096
2024-06-02 15:22:25,1.00000
1.00000,35.11388
2024-06-02 15:22:27,1.00000
1.00000,35.11388
2024-06-02 15:22:29,1.98000
1.98000,35.11388
2024-06-02 15:22:31,0.00000
0.00000,35.11388
2024-06-02 15:22:33,1.98000
1.98000,35.11388
2024-06-02 15:22:35,0.00000
0.00000,35.11388
2024-06-02 15:22:37,1.00000
1.00000,35.11388
2024-06-02 15:22:39,1.98000
1.98000,35.11388
2024-06-02 15:22:41,1.00000
1.00000,35.11388
2024-06-02 15:22:43,2.97000
2.97000,35.11388
2024-06-02 15:22:45,0.00000
0.00000,35.11388
2024-06-02 15:22:47,1.00000
1.00000,35.11388
2024-06-02 15:22:49,1.98000
1.98000,35.11388
2024-06-02 15:22:51,1.00000
1.00000,35.11388
2024-06-02 15:22:53,1.98000
1.98000,35.11388
2024-06-02 15:22:55,0.00000
0.00000,35.11388
2024-06-02 15:22:57,1.01000
1.01000,35.11388
2024-06-02 15:22:59,0.00000
0.00000,35.11388
2024-06-02 15:23:01,1.00000
1.00000,35.11388
2024-06-02 15:23:03,0.00000
0.00000,35.11388
2024-06-02 15:23:05,1.00000
1.00000,35.11388
2024-06-02 15:23:07,1.01000
1.01000,35.11388
2024-06-02 15:23:09,0.99000
0.99000,35.11388
2024-06-02 15:23:11,0.99000
0.99000,35.11388
2024-06-02 15:23:13,0.00000
0.00000,35.11388
2024-06-02 15:23:15,1.00000
1.00000,35.11388
2024-06-02 15:23:18,0.00000
0.00000,35.11388
2024-06-02 15:23:20,1.00000
1.00000,35.08748
2024-06-02 15:23:22,0.99000
0.99000,35.09060
2024-06-02 15:23:24,0.00000
0.00000,35.09060
2024-06-02 15:23:26,1.98000
1.98000,35.09055
2024-06-02 15:23:28,0.00000
0.00000,35.09055
2024-06-02 15:23:30,0.00000
0.00000,35.08095
2024-06-02 15:23:32,1.00000
1.00000,35.07426
2024-06-02 15:23:34,0.00000
0.00000,35.07649
2024-06-02 15:23:36,0.00000
0.00000,35.07575
2024-06-02 15:23:38,2.00000
2.00000,35.07525
2024-06-02 15:23:40,0.00000
0.00000,35.07431
2024-06-02 15:23:42,0.00000
0.00000,35.07114
2024-06-02 15:23:44,1.98000
1.98000,35.07075
2024-06-02 15:23:46,1.00000
1.00000,35.07387
2024-06-02 15:23:48,2.00000
2.00000,35.07347
2024-06-02 15:23:50,1.00000
1.00000,35.08734
2024-06-02 15:23:52,1.98000
1.98000,35.08323
2024-06-02 15:23:54,0.00000
0.00000,35.08268
2024-06-02 15:23:56,1.00000
1.00000,35.07916
2024-06-02 15:23:58,1.00000
1.00000,35.07872
2024-06-02 15:24:00,1.00000
1.00000,34.98028
2024-06-02 15:24:02,1.00000
1.00000,34.98028
2024-06-02 15:24:04,1.00000
1.00000,34.98340
2024-06-02 15:24:06,0.00000
0.00000,34.98340
2024-06-02 15:24:08,4.00000
4.00000,34.98340
2024-06-02 15:24:10,1.96000
1.96000,34.93244
2024-06-02 15:24:12,0.00000
0.00000,34.93556
2024-06-02 15:24:14,0.99000
0.99000,34.93556
2024-06-02 15:24:16,1.00000
1.00000,34.93556
2024-06-02 15:24:18,1.98000
1.98000,34.93556
2024-06-02 15:24:20,0.99000
0.99000,34.94784
2024-06-02 15:24:22,2.97000
2.97000,34.95057
2024-06-02 15:24:24,0.00000
0.00000,34.95369
2024-06-02 15:24:26,1.00000
1.00000,34.95369
2024-06-02 15:24:28,1.98000
1.98000,34.95676
2024-06-02 15:24:30,0.00000
0.00000,34.93076
2024-06-02 15:24:32,1.00000
1.00000,34.92393
2024-06-02 15:24:35,0.00000
0.00000,34.92313
2024-06-02 15:24:37,0.00000
0.00000,34.92303
2024-06-02 15:24:39,1.00000
1.00000,34.92219
2024-06-02 15:24:41,1.98000
1.98000,34.84168
2024-06-02 15:24:43,1.00000
1.00000,34.83138
2024-06-02 15:24:45,0.00000
0.00000,34.82741
2024-06-02 15:24:47,2.94000
2.94000,34.82306
2024-06-02 15:24:49,2.00000
2.00000,34.82246
2024-06-02 15:24:51,5.00000
5.00000,34.05265
2024-06-02 15:24:53,1.98000
1.98000,34.05542
2024-06-02 15:24:55,0.00000
0.00000,34.05552
2024-06-02 15:24:57,0.00000
0.00000,34.05562
2024-06-02 15:24:59,2.00000
2.00000,34.05562
2024-06-02 15:25:01,3.92000
3.92000,34.20774
2024-06-02 15:25:03,1.98000
1.98000,34.20774
2024-06-02 15:25:05,0.00000
0.00000,34.20774
2024-06-02 15:25:07,1.00000
1.00000,34.20774
2024-06-02 15:25:09,2.00000
2.00000,34.20774
2024-06-02 15:25:11,2.00000
2.00000,34.25845
2024-06-02 15:25:13,0.00000
0.00000,34.25845
2024-06-02 15:25:15,0.00000
0.00000,34.25845
2024-06-02 15:25:17,0.00000
0.00000,34.25845
2024-06-02 15:25:19,1.01000
1.01000,34.25845
2024-06-02 15:25:21,1.01000
1.01000,34.41057
2024-06-02 15:25:23,0.00000
0.00000,34.41052
2024-06-02 15:25:25,0.00000
0.00000,34.41052
2024-06-02 15:25:27,1.98000
1.98000,34.41052
2024-06-02 15:25:29,2.00000
2.00000,34.41052
2024-06-02 15:25:31,1.00000
1.00000,34.56264
2024-06-02 15:25:33,1.98000
1.98000,34.56264
2024-06-02 15:25:35,0.00000
0.00000,34.56264
2024-06-02 15:25:37,1.00000
1.00000,34.56264
2024-06-02 15:25:39,0.00000
0.00000,34.56264
2024-06-02 15:25:41,1.98000
1.98000,34.55838
2024-06-02 15:25:43,1.01000
1.01000,34.56115
2024-06-02 15:25:45,1.00000
1.00000,34.56115
2024-06-02 15:25:47,0.00000
0.00000,34.56115
2024-06-02 15:25:49,0.00000
0.00000,34.56115
2024-06-02 15:25:52,0.00000
0.00000,34.56115
2024-06-02 15:25:54,1.00000
1.00000,34.56115
2024-06-02 15:25:56,1.98000
1.98000,34.56115
2024-06-02 15:25:58,1.01000
1.01000,34.56115
2024-06-02 15:26:00,0.00000
0.00000,34.56115
2024-06-02 15:26:02,0.00000
0.00000,34.56115
2024-06-02 15:26:04,1.01000
1.01000,34.56115
2024-06-02 15:26:06,1.00000
1.00000,34.56115
2024-06-02 15:26:08,1.98000
1.98000,34.56115
2024-06-02 15:26:10,0.00000
0.00000,34.56115
2024-06-02 15:26:12,0.00000
0.00000,34.56115
2024-06-02 15:26:14,1.01000
1.01000,34.56115
2024-06-02 15:26:16,1.98000
1.98000,34.56115
2024-06-02 15:26:18,1.00000
1.00000,34.56115
2024-06-02 15:26:20,1.00000
1.00000,34.56115
2024-06-02 15:26:22,0.00000
0.00000,34.56115
2024-06-02 15:26:24,2.00000
2.00000,34.56115
2024-06-02 15:26:26,1.00000
1.00000,34.56115
2024-06-02 15:26:28,1.01000
1.01000,34.56106
2024-06-02 15:26:30,1.00000
1.00000,34.56106
2024-06-02 15:26:32,3.00000
3.00000,34.56106
2024-06-02 15:26:34,1.00000
1.00000,34.56101
2024-06-02 15:26:36,1.00000
1.00000,34.56101
2024-06-02 15:26:38,26.73000
26.73000,34.56214
2024-06-02 15:26:40,1.00000
1.00000,34.56492
