Timestamp,CPU_Load,DRAM_Usage
2024-06-02 14:34:20,52.00000
52.00000,30.98460
2024-06-02 14:34:22,26.26000
26.26000,31.36802
2024-06-02 14:34:24,1.01000
1.01000,31.36802
2024-06-02 14:34:26,0.00000
0.00000,31.52014
2024-06-02 14:34:28,0.00000
0.00000,31.54277
2024-06-02 14:34:30,1.98000
1.98000,31.54277
2024-06-02 14:34:32,28.28000
28.28000,31.09092
2024-06-02 14:34:34,0.00000
0.00000,31.09092
2024-06-02 14:34:36,0.00000
0.00000,31.09092
2024-06-02 14:34:38,0.00000
0.00000,31.09092
2024-06-02 14:34:41,0.00000
0.00000,31.09092
2024-06-02 14:34:43,9.00000
9.00000,31.09092
2024-06-02 14:34:45,1.00000
1.00000,31.09092
2024-06-02 14:34:47,0.99000
0.99000,31.09092
2024-06-02 14:34:49,26.00000
26.00000,31.09092
2024-06-02 14:34:51,0.00000
0.00000,31.09092
2024-06-02 14:34:53,1.00000
1.00000,31.09092
2024-06-02 14:34:55,1.98000
1.98000,31.09092
2024-06-02 14:34:57,1.00000
1.00000,31.09092
2024-06-02 14:34:59,26.73000
26.73000,31.09092
2024-06-02 14:35:01,1.00000
1.00000,31.09092
2024-06-02 14:35:03,1.00000
1.00000,31.09092
2024-06-02 14:35:05,0.00000
0.00000,31.09092
2024-06-02 14:35:07,0.00000
0.00000,31.09092
2024-06-02 14:35:09,13.86000
13.86000,31.09092
2024-06-02 14:35:11,0.00000
0.00000,31.09092
2024-06-02 14:35:13,1.00000
1.00000,31.09092
2024-06-02 14:35:15,0.00000
0.00000,31.09092
2024-06-02 14:35:17,1.98000
1.98000,31.09092
2024-06-02 14:35:19,1.00000
1.00000,31.09092
2024-06-02 14:35:21,1.00000
1.00000,31.09092
2024-06-02 14:35:23,1.00000
1.00000,31.09092
2024-06-02 14:35:25,0.00000
0.00000,31.09092
2024-06-02 14:35:27,0.00000
0.00000,31.09092
2024-06-02 14:35:29,1.00000
1.00000,31.09092
2024-06-02 14:35:31,0.00000
0.00000,31.09092
2024-06-02 14:35:33,0.00000
0.00000,31.09092
2024-06-02 14:35:35,0.00000
0.00000,31.09092
2024-06-02 14:35:37,0.00000
0.00000,31.09092
2024-06-02 14:35:39,1.01000
1.01000,31.09092
2024-06-02 14:35:41,0.00000
0.00000,31.09092
2024-06-02 14:35:43,0.00000
0.00000,31.09092
2024-06-02 14:35:45,1.00000
1.00000,31.09092
2024-06-02 14:35:47,1.00000
1.00000,31.09092
2024-06-02 14:35:49,1.00000
1.00000,31.09092
2024-06-02 14:35:51,1.98000
1.98000,31.09092
2024-06-02 14:35:53,0.00000
0.00000,31.09092
2024-06-02 14:35:55,1.00000
1.00000,31.09092
2024-06-02 14:35:57,1.98000
1.98000,31.09092
2024-06-02 14:35:59,1.00000
1.00000,31.09092
2024-06-02 14:36:01,0.99000
0.99000,31.09092
2024-06-02 14:36:03,1.01000
1.01000,31.09092
2024-06-02 14:36:05,1.98000
1.98000,31.09092
2024-06-02 14:36:07,0.00000
0.00000,31.09092
2024-06-02 14:36:09,2.94000
2.94000,31.09092
2024-06-02 14:36:11,0.00000
0.00000,31.09107
2024-06-02 14:36:13,0.00000
0.00000,31.09107
2024-06-02 14:36:15,1.00000
1.00000,31.09107
2024-06-02 14:36:17,1.00000
1.00000,31.09107
2024-06-02 14:36:19,0.00000
0.00000,31.09107
2024-06-02 14:36:21,1.00000
1.00000,31.09107
2024-06-02 14:36:23,1.00000
1.00000,31.09107
2024-06-02 14:36:25,0.00000
0.00000,31.09107
2024-06-02 14:36:27,0.00000
0.00000,31.09107
2024-06-02 14:36:29,0.00000
0.00000,31.09107
2024-06-02 14:36:31,0.99000
0.99000,31.09107
2024-06-02 14:36:33,2.00000
2.00000,31.09107
2024-06-02 14:36:35,0.00000
0.00000,31.09107
2024-06-02 14:36:37,0.00000
0.00000,31.09107
2024-06-02 14:36:39,1.00000
1.00000,31.09107
2024-06-02 14:36:41,0.99000
0.99000,31.09107
2024-06-02 14:36:43,0.00000
0.00000,31.09107
2024-06-02 14:36:46,1.00000
1.00000,31.09107
2024-06-02 14:36:48,1.00000
1.00000,31.09107
2024-06-02 14:36:50,14.00000
14.00000,31.09107
2024-06-02 14:36:52,1.98000
1.98000,31.09092
2024-06-02 14:36:54,1.00000
1.00000,31.09092
2024-06-02 14:36:56,4.00000
4.00000,31.09092
2024-06-02 14:36:58,1.98000
1.98000,31.09092
2024-06-02 14:37:00,0.00000
0.00000,31.09092
2024-06-02 14:37:02,0.00000
0.00000,31.09092
2024-06-02 14:37:04,1.00000
1.00000,31.09092
2024-06-02 14:37:06,0.00000
0.00000,31.09092
2024-06-02 14:37:08,1.01000
1.01000,31.09092
2024-06-02 14:37:10,1.00000
1.00000,31.09092
2024-06-02 14:37:12,0.00000
0.00000,31.09092
2024-06-02 14:37:14,1.00000
1.00000,31.09092
2024-06-02 14:37:16,0.00000
0.00000,31.09092
2024-06-02 14:37:18,0.00000
0.00000,31.09092
2024-06-02 14:37:20,0.00000
0.00000,31.09092
2024-06-02 14:37:22,1.98000
1.98000,31.09107
2024-06-02 14:37:24,1.01000
1.01000,31.09102
2024-06-02 14:37:26,1.00000
1.00000,31.09102
2024-06-02 14:37:28,1.00000
1.00000,31.09102
2024-06-02 14:37:30,0.00000
0.00000,31.09102
2024-06-02 14:37:32,1.00000
1.00000,31.09102
2024-06-02 14:37:34,0.00000
0.00000,31.09102
2024-06-02 14:37:36,0.00000
0.00000,31.09102
2024-06-02 14:37:38,2.00000
2.00000,31.09102
2024-06-02 14:37:40,1.98000
1.98000,31.09102
2024-06-02 14:37:42,0.00000
0.00000,31.09102
2024-06-02 14:37:44,1.00000
1.00000,31.09102
2024-06-02 14:37:46,1.00000
1.00000,31.09102
2024-06-02 14:37:48,0.00000
0.00000,31.09102
2024-06-02 14:37:50,1.00000
1.00000,31.09102
2024-06-02 14:37:52,1.98000
1.98000,31.09102
2024-06-02 14:37:54,0.00000
0.00000,31.14172
2024-06-02 14:37:56,4.04000
4.04000,31.14172
2024-06-02 14:37:58,1.00000
1.00000,31.14172
2024-06-02 14:38:00,1.01000
1.01000,31.14172
2024-06-02 14:38:02,0.00000
0.00000,31.14172
2024-06-02 14:38:04,2.00000
2.00000,31.23903
2024-06-02 14:38:06,0.99000
0.99000,31.23591
2024-06-02 14:38:08,0.00000
0.00000,31.23591
2024-06-02 14:38:10,1.00000
1.00000,31.23591
2024-06-02 14:38:12,1.00000
1.00000,31.23591
2024-06-02 14:38:14,1.00000
1.00000,31.24224
2024-06-02 14:38:16,1.00000
1.00000,31.24224
2024-06-02 14:38:18,0.00000
0.00000,31.23600
2024-06-02 14:38:20,0.99000
0.99000,31.23600
2024-06-02 14:38:22,0.00000
0.00000,31.23600
2024-06-02 14:38:24,1.00000
1.00000,31.23600
2024-06-02 14:38:26,1.00000
1.00000,31.23600
2024-06-02 14:38:28,2.00000
2.00000,31.23600
2024-06-02 14:38:30,1.00000
1.00000,31.23600
2024-06-02 14:38:32,0.00000
0.00000,31.23600
2024-06-02 14:38:34,1.01000
1.01000,31.23600
2024-06-02 14:38:36,0.00000
0.00000,31.23333
2024-06-02 14:38:38,1.98000
1.98000,31.23333
2024-06-02 14:38:40,1.00000
1.00000,31.23333
2024-06-02 14:38:42,0.00000
0.00000,31.23333
2024-06-02 14:38:44,1.00000
1.00000,31.23333
2024-06-02 14:38:46,0.00000
0.00000,31.23333
2024-06-02 14:38:48,1.98000
1.98000,31.23333
2024-06-02 14:38:50,0.00000
0.00000,31.23333
2024-06-02 14:38:52,1.00000
1.00000,31.23333
2024-06-02 14:38:54,1.98000
1.98000,31.23333
2024-06-02 14:38:56,2.00000
2.00000,31.24952
2024-06-02 14:38:58,1.00000
1.00000,31.24952
2024-06-02 14:39:00,0.00000
0.00000,31.25576
2024-06-02 14:39:02,0.00000
0.00000,31.25883
2024-06-02 14:39:04,1.01000
1.01000,31.25883
2024-06-02 14:39:07,0.99000
0.99000,31.28082
2024-06-02 14:39:09,0.00000
0.00000,31.27765
2024-06-02 14:39:11,1.00000
1.00000,31.27136
2024-06-02 14:39:13,0.00000
0.00000,31.27760
2024-06-02 14:39:15,1.00000
1.00000,31.26819
2024-06-02 14:39:17,0.99000
0.99000,31.26502
2024-06-02 14:39:19,1.00000
1.00000,31.26497
2024-06-02 14:39:21,0.00000
0.00000,31.26497
2024-06-02 14:39:23,0.99000
0.99000,31.27121
2024-06-02 14:39:25,1.00000
1.00000,31.26492
2024-06-02 14:39:27,0.00000
0.00000,31.27116
2024-06-02 14:39:29,1.00000
1.00000,31.26492
2024-06-02 14:39:31,0.00000
0.00000,31.26804
2024-06-02 14:39:33,0.00000
0.00000,31.26799
2024-06-02 14:39:35,0.00000
0.00000,31.27111
2024-06-02 14:39:37,0.00000
0.00000,31.26799
2024-06-02 14:39:39,1.01000
1.01000,31.27111
2024-06-02 14:39:41,0.00000
0.00000,31.26799
2024-06-02 14:39:43,2.00000
2.00000,31.27111
2024-06-02 14:39:45,0.99000
0.99000,31.26799
2024-06-02 14:39:47,1.00000
1.00000,31.26799
2024-06-02 14:39:49,0.00000
0.00000,31.26799
2024-06-02 14:39:51,0.00000
0.00000,31.26799
2024-06-02 14:39:53,1.00000
1.00000,31.26799
2024-06-02 14:39:55,1.00000
1.00000,31.26170
2024-06-02 14:39:57,0.99000
0.99000,31.26478
2024-06-02 14:39:59,1.00000
1.00000,31.27101
2024-06-02 14:40:01,0.99000
0.99000,31.26789
2024-06-02 14:40:03,1.00000
1.00000,31.26789
2024-06-02 14:40:05,0.00000
0.00000,31.26789
2024-06-02 14:40:07,0.00000
0.00000,31.26789
2024-06-02 14:40:09,1.00000
1.00000,31.26789
2024-06-02 14:40:11,0.00000
0.00000,31.26789
2024-06-02 14:40:13,0.00000
0.00000,31.26789
2024-06-02 14:40:15,0.00000
0.00000,31.26789
2024-06-02 14:40:17,1.00000
1.00000,31.26789
2024-06-02 14:40:19,2.94000
2.94000,31.28359
2024-06-02 14:40:21,1.00000
1.00000,31.27413
2024-06-02 14:40:23,1.00000
1.00000,31.27720
2024-06-02 14:40:25,0.00000
0.00000,31.27403
2024-06-02 14:40:27,1.00000
1.00000,31.27711
2024-06-02 14:40:29,0.00000
0.00000,31.27295
2024-06-02 14:40:31,0.00000
0.00000,31.27295
2024-06-02 14:40:33,0.00000
0.00000,31.27285
2024-06-02 14:40:35,0.00000
0.00000,31.27285
2024-06-02 14:40:37,0.00000
0.00000,31.27909
2024-06-02 14:40:39,0.00000
0.00000,31.27592
2024-06-02 14:40:41,1.00000
1.00000,31.26963
2024-06-02 14:40:43,1.98000
1.98000,31.26656
2024-06-02 14:40:45,1.00000
1.00000,31.26948
2024-06-02 14:40:47,0.00000
0.00000,31.26631
2024-06-02 14:40:49,0.00000
0.00000,31.21278
2024-06-02 14:40:51,0.00000
0.00000,31.22214
2024-06-02 14:40:53,0.00000
0.00000,31.22214
2024-06-02 14:40:55,0.99000
0.99000,31.22214
2024-06-02 14:40:57,0.00000
0.00000,31.22214
2024-06-02 14:40:59,0.00000
0.00000,31.22214
2024-06-02 14:41:01,0.00000
0.00000,31.22214
2024-06-02 14:41:03,1.00000
1.00000,31.22214
2024-06-02 14:41:05,0.00000
0.00000,31.22214
2024-06-02 14:41:07,0.00000
0.00000,31.22214
2024-06-02 14:41:09,1.00000
1.00000,31.22214
2024-06-02 14:41:11,1.00000
1.00000,31.22214
2024-06-02 14:41:13,1.98000
1.98000,31.22214
2024-06-02 14:41:15,0.00000
0.00000,31.22214
2024-06-02 14:41:17,0.00000
0.00000,31.22214
2024-06-02 14:41:19,1.00000
1.00000,31.22526
2024-06-02 14:41:21,0.00000
0.00000,31.22526
2024-06-02 14:41:23,1.00000
1.00000,31.22526
2024-06-02 14:41:25,1.00000
1.00000,31.22526
2024-06-02 14:41:27,0.00000
0.00000,31.22526
2024-06-02 14:41:29,0.00000
0.00000,31.22526
2024-06-02 14:41:31,0.99000
0.99000,31.22526
2024-06-02 14:41:34,25.00000
25.00000,31.21377
2024-06-02 14:41:36,0.00000
0.00000,31.21372
2024-06-02 14:41:38,0.00000
0.00000,31.22615
2024-06-02 14:41:40,1.01000
1.01000,31.21333
2024-06-02 14:41:42,1.00000
1.00000,31.21333
2024-06-02 14:41:44,8.00000
8.00000,31.43759
2024-06-02 14:41:46,1.96000
1.96000,31.18510
2024-06-02 14:41:48,0.00000
0.00000,31.18510
2024-06-02 14:41:50,26.73000
26.73000,31.20045
2024-06-02 14:41:52,1.00000
1.00000,31.20045
2024-06-02 14:41:54,1.98000
1.98000,31.20045
2024-06-02 14:41:56,3.96000
3.96000,31.23150
2024-06-02 14:41:58,0.00000
0.00000,31.23150
2024-06-02 14:42:00,26.73000
26.73000,31.25913
2024-06-02 14:42:02,5.05000
5.05000,31.27983
2024-06-02 14:42:04,5.00000
5.00000,31.22184
2024-06-02 14:42:06,1.00000
1.00000,31.24685
2024-06-02 14:42:08,1.98000
1.98000,31.24685
2024-06-02 14:42:10,9.18000
9.18000,31.44576
2024-06-02 14:42:12,51.52000
51.52000,30.92770
2024-06-02 14:42:14,4.00000
4.00000,30.92770
2024-06-02 14:42:16,25.25000
25.25000,30.95231
2024-06-02 14:42:18,0.00000
0.00000,30.95316
2024-06-02 14:42:20,0.00000
0.00000,30.95316
2024-06-02 14:42:22,56.00000
56.00000,30.93008
2024-06-02 14:42:24,0.00000
0.00000,30.93285
2024-06-02 14:42:26,28.71000
28.71000,31.00144
2024-06-02 14:42:28,1.00000
1.00000,31.00287
2024-06-02 14:42:30,1.98000
1.98000,31.00287
2024-06-02 14:42:32,2.00000
2.00000,31.00599
2024-06-02 14:42:34,2.00000
2.00000,31.00599
2024-06-02 14:42:36,1.00000
1.00000,31.00599
2024-06-02 14:42:38,1.01000
1.01000,31.00911
2024-06-02 14:42:40,1.01000
1.01000,31.00911
2024-06-02 14:42:42,26.00000
26.00000,31.00911
2024-06-02 14:42:44,5.94000
5.94000,31.00911
2024-06-02 14:42:46,12.00000
12.00000,30.32883
2024-06-02 14:42:48,5.05000
5.05000,31.10349
2024-06-02 14:42:50,3.03000
3.03000,31.10409
2024-06-02 14:42:52,20.41000
20.41000,31.10552
2024-06-02 14:42:54,3.92000
3.92000,31.10533
2024-06-02 14:42:56,8.91000
8.91000,31.11464
2024-06-02 14:42:58,26.26000
26.26000,31.14271
2024-06-02 14:43:00,3.03000
3.03000,31.24413
2024-06-02 14:43:02,3.96000
3.96000,31.24413
2024-06-02 14:43:04,2.97000
2.97000,31.24413
2024-06-02 14:43:07,1.98000
1.98000,31.24413
2024-06-02 14:43:09,1.02000
1.02000,31.24413
2024-06-02 14:43:11,29.70000
29.70000,31.24413
2024-06-02 14:43:13,2.00000
2.00000,31.24413
2024-06-02 14:43:15,0.00000
0.00000,31.24413
2024-06-02 14:43:17,0.00000
0.00000,31.24413
2024-06-02 14:43:19,1.98000
1.98000,31.24413
2024-06-02 14:43:21,28.43000
28.43000,31.24413
2024-06-02 14:43:23,1.01000
1.01000,31.24413
2024-06-02 14:43:25,1.01000
1.01000,31.24413
2024-06-02 14:43:27,5.00000
5.00000,31.24408
2024-06-02 14:43:29,3.96000
3.96000,31.24700
2024-06-02 14:43:31,4.00000
4.00000,31.24645
2024-06-02 14:43:33,3.03000
3.03000,31.26879
2024-06-02 14:43:35,4.00000
4.00000,31.26829
2024-06-02 14:43:37,26.53000
26.53000,31.27765
2024-06-02 14:43:39,5.00000
5.00000,31.27795
2024-06-02 14:43:41,1.02000
1.02000,31.27785
2024-06-02 14:43:43,2.00000
2.00000,31.27785
2024-06-02 14:43:45,1.01000
1.01000,31.27785
2024-06-02 14:43:47,3.00000
3.00000,31.27785
2024-06-02 14:43:49,30.00000
30.00000,31.27785
2024-06-02 14:43:51,3.00000
3.00000,31.27785
2024-06-02 14:43:53,2.00000
2.00000,31.27785
2024-06-02 14:43:55,3.00000
3.00000,31.27785
2024-06-02 14:43:57,2.00000
2.00000,31.27785
2024-06-02 14:43:59,28.57000
28.57000,31.27785
2024-06-02 14:44:01,4.04000
4.04000,31.27785
2024-06-02 14:44:03,2.02000
2.02000,31.27785
2024-06-02 14:44:05,2.02000
2.02000,31.27765
2024-06-02 14:44:07,2.02000
2.02000,31.27805
2024-06-02 14:44:09,9.09000
9.09000,31.74495
2024-06-02 14:44:11,7.00000
7.00000,31.75728
2024-06-02 14:44:13,1.01000
1.01000,31.75728
2024-06-02 14:44:15,27.27000
27.27000,31.84151
2024-06-02 14:44:17,8.00000
8.00000,31.84151
2024-06-02 14:44:19,4.95000
4.95000,31.84151
2024-06-02 14:44:21,22.55000
22.55000,31.93877
2024-06-02 14:44:23,17.00000
17.00000,31.93906
2024-06-02 14:44:25,5.00000
5.00000,31.93847
2024-06-02 14:44:27,3.06000
3.06000,31.93867
2024-06-02 14:44:29,5.00000
5.00000,31.93857
2024-06-02 14:44:31,28.28000
28.28000,31.93867
2024-06-02 14:44:33,10.00000
10.00000,31.98749
2024-06-02 14:44:35,11.88000
11.88000,31.98759
2024-06-02 14:44:37,8.91000
8.91000,31.98759
2024-06-02 14:44:39,2.02000
2.02000,31.98759
2024-06-02 14:44:41,2.02000
2.02000,31.98759
2024-06-02 14:44:43,2.97000
2.97000,31.98754
2024-06-02 14:44:45,1.01000
1.01000,31.98754
2024-06-02 14:44:47,2.02000
2.02000,31.98754
2024-06-02 14:44:49,2.97000
2.97000,31.98754
2024-06-02 14:44:51,27.00000
27.00000,31.98754
2024-06-02 14:44:53,2.00000
2.00000,31.98754
2024-06-02 14:44:55,5.94000
5.94000,31.98754
2024-06-02 14:44:57,3.00000
3.00000,31.98754
2024-06-02 14:45:00,2.00000
2.00000,31.98754
2024-06-02 14:45:02,2.00000
2.00000,31.98754
2024-06-02 14:45:04,2.02000
2.02000,31.98754
2024-06-02 14:45:06,3.00000
3.00000,31.98754
2024-06-02 14:45:08,1.01000
1.01000,31.98754
2024-06-02 14:45:10,2.97000
2.97000,31.98754
2024-06-02 14:45:12,2.97000
2.97000,31.98774
2024-06-02 14:45:14,3.92000
3.92000,31.98774
2024-06-02 14:45:16,3.92000
3.92000,31.98774
2024-06-02 14:45:18,2.97000
2.97000,31.98774
2024-06-02 14:45:20,17.00000
17.00000,31.98774
2024-06-02 14:45:22,2.00000
2.00000,31.98774
2024-06-02 14:45:24,2.02000
2.02000,31.98774
2024-06-02 14:45:26,2.00000
2.00000,31.98774
2024-06-02 14:45:28,2.00000
2.00000,31.98774
2024-06-02 14:45:30,1.01000
1.01000,31.98774
2024-06-02 14:45:32,2.04000
2.04000,31.98774
2024-06-02 14:45:34,1.01000
1.01000,31.98774
2024-06-02 14:45:36,27.72000
27.72000,31.98774
2024-06-02 14:45:38,1.01000
1.01000,31.98774
2024-06-02 14:45:40,3.96000
3.96000,31.98774
2024-06-02 14:45:42,3.00000
3.00000,31.98774
2024-06-02 14:45:44,2.00000
2.00000,31.98774
2024-06-02 14:45:46,2.00000
2.00000,31.98774
2024-06-02 14:45:48,2.00000
2.00000,31.98774
2024-06-02 14:45:50,28.43000
28.43000,31.98774
2024-06-02 14:45:52,3.00000
3.00000,31.98774
2024-06-02 14:45:54,2.97000
2.97000,31.98774
2024-06-02 14:45:56,4.04000
4.04000,31.98774
2024-06-02 14:45:58,2.00000
2.00000,31.98774
2024-06-02 14:46:00,2.00000
2.00000,31.98774
2024-06-02 14:46:02,3.00000
3.00000,31.98774
2024-06-02 14:46:04,26.00000
26.00000,31.98774
2024-06-02 14:46:06,2.00000
2.00000,31.98774
2024-06-02 14:46:08,1.01000
1.01000,31.98774
2024-06-02 14:46:10,12.00000
12.00000,31.98774
2024-06-02 14:46:12,3.00000
3.00000,31.98774
2024-06-02 14:46:14,2.00000
2.00000,31.98774
2024-06-02 14:46:16,7.00000
7.00000,31.98759
2024-06-02 14:46:18,6.06000
6.06000,31.98759
2024-06-02 14:46:20,7.00000
7.00000,31.98759
2024-06-02 14:46:22,8.91000
8.91000,31.99958
2024-06-02 14:46:24,18.81000
18.81000,31.99675
2024-06-02 14:46:26,2.02000
2.02000,32.01097
2024-06-02 14:46:28,2.00000
2.00000,32.01097
2024-06-02 14:46:30,25.25000
25.25000,32.01092
2024-06-02 14:46:32,2.00000
2.00000,32.01092
2024-06-02 14:46:34,2.00000
2.00000,32.01092
2024-06-02 14:46:36,1.02000
1.02000,32.01092
2024-06-02 14:46:38,2.00000
2.00000,32.01092
2024-06-02 14:46:40,26.26000
26.26000,32.01062
2024-06-02 14:46:42,2.97000
2.97000,32.01077
2024-06-02 14:46:44,0.00000
0.00000,32.01077
2024-06-02 14:46:46,4.00000
4.00000,32.01072
2024-06-02 14:46:48,3.00000
3.00000,32.01072
2024-06-02 14:46:50,14.00000
14.00000,32.01057
2024-06-02 14:46:52,1.01000
1.01000,32.01057
2024-06-02 14:46:54,2.00000
2.00000,32.01057
2024-06-02 14:46:56,28.00000
28.00000,32.01057
2024-06-02 14:46:58,2.00000
2.00000,32.01057
2024-06-02 14:47:00,2.00000
2.00000,32.01057
2024-06-02 14:47:03,3.00000
3.00000,32.01057
2024-06-02 14:47:05,2.97000
2.97000,32.01057
2024-06-02 14:47:07,26.26000
26.26000,32.01057
2024-06-02 14:47:09,1.02000
1.02000,32.01057
2024-06-02 14:47:11,2.00000
2.00000,32.01057
2024-06-02 14:47:13,3.00000
3.00000,32.01057
2024-06-02 14:47:15,3.96000
3.96000,32.01057
2024-06-02 14:47:17,12.00000
12.00000,32.01057
2024-06-02 14:47:19,1.01000
1.01000,32.01057
2024-06-02 14:47:21,27.00000
27.00000,31.71584
2024-06-02 14:47:23,100.00000
100.00000,31.17668
2024-06-02 14:47:25,100.00000
100.00000,32.47495
2024-06-02 14:47:27,100.00000
100.00000,33.97605
2024-06-02 14:47:29,100.00000
100.00000,35.43401
2024-06-02 14:47:31,100.00000
100.00000,36.98071
2024-06-02 14:47:33,39.60000
39.60000,38.50390
2024-06-02 14:47:35,1.01000
1.01000,35.65897
2024-06-02 14:47:37,3.00000
3.00000,35.65843
2024-06-02 14:47:39,2.02000
2.02000,35.65358
2024-06-02 14:47:41,2.97000
2.97000,35.66279
2024-06-02 14:47:43,1.00000
1.00000,35.50720
2024-06-02 14:47:45,1.00000
1.00000,35.51017
2024-06-02 14:47:47,25.25000
25.25000,35.56504
2024-06-02 14:47:49,1.01000
1.01000,35.56801
2024-06-02 14:47:51,1.00000
1.00000,35.56801
2024-06-02 14:47:53,7.07000
7.07000,35.55424
2024-06-02 14:47:55,2.97000
2.97000,35.56326
2024-06-02 14:47:57,2.00000
2.00000,35.56335
2024-06-02 14:47:59,2.97000
2.97000,35.61416
2024-06-02 14:48:01,2.02000
2.02000,35.49586
2024-06-02 14:48:03,2.02000
2.02000,35.50507
2024-06-02 14:48:05,27.27000
27.27000,35.58123
2024-06-02 14:48:07,2.00000
2.00000,35.58727
2024-06-02 14:48:09,2.00000
2.00000,35.58727
2024-06-02 14:48:11,1.02000
1.02000,35.58727
2024-06-02 14:48:13,0.00000
0.00000,35.57152
2024-06-02 14:48:15,2.02000
2.02000,35.56425
2024-06-02 14:48:17,29.70000
29.70000,35.54548
2024-06-02 14:48:19,2.00000
2.00000,35.55979
2024-06-02 14:48:21,1.01000
1.01000,35.55999
2024-06-02 14:48:24,3.06000
3.06000,35.55999
2024-06-02 14:48:26,1.02000
1.02000,35.55672
2024-06-02 14:48:28,2.00000
2.00000,35.55003
2024-06-02 14:48:30,2.02000
2.02000,35.53245
2024-06-02 14:48:32,2.02000
2.02000,35.52255
2024-06-02 14:48:34,2.02000
2.02000,35.52523
2024-06-02 14:48:36,2.02000
2.02000,35.52463
2024-06-02 14:48:38,3.00000
3.00000,35.53072
2024-06-02 14:48:40,3.00000
3.00000,35.50274
2024-06-02 14:48:42,2.00000
2.00000,35.51190
2024-06-02 14:48:44,3.96000
3.96000,35.51190
2024-06-02 14:48:46,2.00000
2.00000,35.51190
2024-06-02 14:48:48,3.00000
3.00000,35.51190
2024-06-02 14:48:50,2.00000
2.00000,35.52097
2024-06-02 14:48:52,1.01000
1.01000,35.52364
2024-06-02 14:48:54,5.77000
5.77000,35.53186
2024-06-02 14:48:56,4.04000
4.04000,35.52834
2024-06-02 14:48:58,2.00000
2.00000,35.53127
2024-06-02 14:49:00,3.00000
3.00000,35.52800
2024-06-02 14:49:02,2.00000
2.00000,35.53077
2024-06-02 14:49:04,2.00000
2.00000,35.52319
2024-06-02 14:49:06,2.02000
2.02000,35.52255
2024-06-02 14:49:08,3.92000
3.92000,35.51894
2024-06-02 14:49:10,2.00000
2.00000,35.54013
2024-06-02 14:49:12,3.00000
3.00000,35.53602
2024-06-02 14:49:14,2.00000
2.00000,35.53538
2024-06-02 14:49:16,0.00000
0.00000,35.53493
2024-06-02 14:49:18,26.26000
26.26000,35.54171
2024-06-02 14:49:20,2.00000
2.00000,35.54776
2024-06-02 14:49:22,1.01000
1.01000,35.54776
2024-06-02 14:49:24,2.00000
2.00000,35.54776
2024-06-02 14:49:26,4.90000
4.90000,35.52077
2024-06-02 14:49:28,3.00000
3.00000,35.52354
2024-06-02 14:49:30,28.00000
28.00000,35.50240
2024-06-02 14:49:32,1.02000
1.02000,35.51468
2024-06-02 14:49:34,1.02000
1.02000,35.51468
2024-06-02 14:49:36,4.95000
4.95000,35.52443
2024-06-02 14:49:38,2.04000
2.04000,35.52626
2024-06-02 14:49:40,27.72000
27.72000,35.45615
2024-06-02 14:49:42,3.00000
3.00000,35.51800
2024-06-02 14:49:44,2.02000
2.02000,35.52131
2024-06-02 14:49:46,25.51000
25.51000,35.52919
2024-06-02 14:49:48,4.00000
4.00000,35.53483
2024-06-02 14:49:50,1.01000
1.01000,35.53533
2024-06-02 14:49:52,10.89000
10.89000,35.54835
2024-06-02 14:49:54,3.96000
3.96000,35.52711
2024-06-02 14:49:56,7.84000
7.84000,35.52681
2024-06-02 14:49:58,1.01000
1.01000,35.50012
2024-06-02 14:50:00,1.01000
1.01000,35.50339
2024-06-02 14:50:02,27.00000
27.00000,35.52483
2024-06-02 14:50:04,7.00000
7.00000,35.53330
2024-06-02 14:50:06,4.04000
4.04000,35.53359
2024-06-02 14:50:08,29.70000
29.70000,35.51879
2024-06-02 14:50:10,2.02000
2.02000,35.52770
2024-06-02 14:50:12,3.00000
3.00000,35.55409
2024-06-02 14:50:14,15.84000
15.84000,35.51389
2024-06-02 14:50:16,2.00000
2.00000,35.51686
2024-06-02 14:50:18,2.02000
2.02000,35.51686
2024-06-02 14:50:20,1.01000
1.01000,35.52830
2024-06-02 14:50:22,2.00000
2.00000,35.53127
2024-06-02 14:50:24,29.00000
29.00000,35.55226
2024-06-02 14:50:26,3.00000
3.00000,35.55523
2024-06-02 14:50:28,2.00000
2.00000,35.55523
2024-06-02 14:50:30,1.02000
1.02000,35.59158
2024-06-02 14:50:32,4.00000
4.00000,35.59757
2024-06-02 14:50:34,23.00000
23.00000,35.80372
2024-06-02 14:50:36,2.00000
2.00000,35.55469
2024-06-02 14:50:38,2.00000
2.00000,35.55479
2024-06-02 14:50:41,17.00000
17.00000,35.54206
2024-06-02 14:50:43,1.02000
1.02000,35.54503
2024-06-02 14:50:45,6.06000
6.06000,35.54503
2024-06-02 14:50:47,3.00000
3.00000,35.58950
2024-06-02 14:50:49,2.00000
2.00000,35.59287
2024-06-02 14:50:51,30.30000
30.30000,35.64318
2024-06-02 14:50:53,1.01000
1.01000,35.64422
2024-06-02 14:50:55,3.00000
3.00000,35.64442
2024-06-02 14:50:57,2.00000
2.00000,35.64224
2024-06-02 14:50:59,2.02000
2.02000,35.64214
2024-06-02 14:51:01,16.33000
16.33000,35.79436
2024-06-02 14:51:03,2.00000
2.00000,35.63639
2024-06-02 14:51:05,3.92000
3.92000,35.63649
2024-06-02 14:51:07,27.00000
27.00000,35.69478
2024-06-02 14:51:09,1.01000
1.01000,35.67061
2024-06-02 14:51:11,2.00000
2.00000,35.67071
2024-06-02 14:51:13,2.02000
2.02000,35.64506
2024-06-02 14:51:15,2.00000
2.00000,35.64506
2024-06-02 14:51:17,42.00000
42.00000,35.72265
2024-06-02 14:51:19,3.96000
3.96000,35.72246
2024-06-02 14:51:21,3.00000
3.00000,35.72246
2024-06-02 14:51:23,1.03000
1.03000,35.69309
2024-06-02 14:51:25,4.95000
4.95000,35.69314
2024-06-02 14:51:27,12.75000
12.75000,35.91142
2024-06-02 14:51:29,5.88000
5.88000,35.66294
2024-06-02 14:51:31,4.04000
4.04000,35.66571
2024-06-02 14:51:33,28.28000
28.28000,35.71493
2024-06-02 14:51:35,5.00000
5.00000,35.71949
2024-06-02 14:51:37,2.00000
2.00000,35.70305
2024-06-02 14:51:39,4.90000
4.90000,35.69854
2024-06-02 14:51:41,0.00000
0.00000,35.70171
2024-06-02 14:51:43,26.26000
26.26000,35.72003
2024-06-02 14:51:45,4.95000
4.95000,35.71879
2024-06-02 14:51:47,2.00000
2.00000,35.70864
2024-06-02 14:51:49,6.06000
6.06000,35.72617
2024-06-02 14:51:51,2.97000
2.97000,35.71899
2024-06-02 14:51:53,4.95000
4.95000,35.80911
2024-06-02 14:51:55,3.00000
3.00000,35.71711
2024-06-02 14:51:57,1.01000
1.01000,35.71949
2024-06-02 14:51:59,28.00000
28.00000,35.70146
2024-06-02 14:52:01,2.00000
2.00000,35.70755
2024-06-02 14:52:03,3.00000
3.00000,35.70755
2024-06-02 14:52:05,2.02000
2.02000,35.61807
2024-06-02 14:52:07,2.00000
2.00000,35.62431
2024-06-02 14:52:09,33.33000
33.33000,35.71755
2024-06-02 14:52:11,3.00000
3.00000,35.72053
2024-06-02 14:52:13,2.00000
2.00000,35.63496
2024-06-02 14:52:15,14.00000
14.00000,35.72751
2024-06-02 14:52:17,2.97000
2.97000,35.73360
2024-06-02 14:52:20,2.04000
2.04000,35.73360
2024-06-02 14:52:22,2.00000
2.00000,35.70661
2024-06-02 14:52:24,4.95000
4.95000,35.70676
2024-06-02 14:52:26,2.00000
2.00000,35.70676
2024-06-02 14:52:28,2.97000
2.97000,35.70676
2024-06-02 14:52:30,4.90000
4.90000,35.70676
2024-06-02 14:52:32,2.02000
2.02000,35.64937
2024-06-02 14:52:34,1.02000
1.02000,35.64937
2024-06-02 14:52:36,2.02000
2.02000,35.65130
2024-06-02 14:52:38,1.02000
1.02000,35.65437
2024-06-02 14:52:40,1.01000
1.01000,35.65749
2024-06-02 14:52:42,2.02000
2.02000,35.65694
2024-06-02 14:52:44,2.97000
2.97000,35.65061
2024-06-02 14:52:46,3.92000
3.92000,35.66135
2024-06-02 14:52:48,3.92000
3.92000,35.66066
2024-06-02 14:52:50,0.00000
0.00000,35.65684
2024-06-02 14:52:52,2.00000
2.00000,35.65298
2024-06-02 14:52:54,2.02000
2.02000,35.64546
2024-06-02 14:52:56,4.08000
4.08000,35.64357
2024-06-02 14:52:58,3.96000
3.96000,35.64669
2024-06-02 14:53:00,3.92000
3.92000,35.64669
2024-06-02 14:53:02,2.00000
2.00000,35.64669
2024-06-02 14:53:04,3.92000
3.92000,35.64035
2024-06-02 14:53:06,3.96000
3.96000,35.60708
2024-06-02 14:53:08,1.02000
1.02000,35.61332
2024-06-02 14:53:10,3.96000
3.96000,35.61332
2024-06-02 14:53:12,3.00000
3.00000,35.61332
2024-06-02 14:53:14,2.00000
2.00000,35.61332
2024-06-02 14:53:16,2.02000
2.02000,35.50799
2024-06-02 14:53:18,2.02000
2.02000,35.52012
2024-06-02 14:53:20,2.00000
2.00000,35.52012
2024-06-02 14:53:22,3.92000
3.92000,35.52012
2024-06-02 14:53:24,2.00000
2.00000,35.52012
2024-06-02 14:53:26,3.09000
3.09000,35.53597
2024-06-02 14:53:28,2.02000
2.02000,35.52854
2024-06-02 14:53:30,3.96000
3.96000,35.52795
2024-06-02 14:53:32,2.97000
2.97000,35.53716
2024-06-02 14:53:34,2.04000
2.04000,35.52834
2024-06-02 14:53:36,2.02000
2.02000,35.52681
2024-06-02 14:53:38,2.97000
2.97000,35.52968
2024-06-02 14:53:40,2.02000
2.02000,35.52968
2024-06-02 14:53:42,1.01000
1.01000,35.52557
2024-06-02 14:53:44,2.02000
2.02000,35.52750
2024-06-02 14:53:46,2.00000
2.00000,35.52706
2024-06-02 14:53:48,2.02000
2.02000,35.52706
2024-06-02 14:53:50,4.00000
4.00000,35.52315
2024-06-02 14:53:52,2.00000
2.00000,35.52617
2024-06-02 14:53:54,2.97000
2.97000,35.51963
2024-06-02 14:53:56,5.05000
5.05000,35.50646
2024-06-02 14:53:58,1.02000
1.02000,35.50646
2024-06-02 14:54:00,24.00000
24.00000,35.72820
2024-06-02 14:54:02,3.00000
3.00000,35.48185
2024-06-02 14:54:04,0.00000
0.00000,35.48497
2024-06-02 14:54:06,1.02000
1.02000,35.48497
2024-06-02 14:54:08,2.00000
2.00000,35.48497
2024-06-02 14:54:10,2.02000
2.02000,35.48497
2024-06-02 14:54:12,2.97000
2.97000,35.48497
2024-06-02 14:54:14,2.02000
2.02000,35.48497
2024-06-02 14:54:16,2.00000
2.00000,35.48497
2024-06-02 14:54:18,3.00000
3.00000,35.48497
2024-06-02 14:54:20,2.02000
2.02000,35.48497
2024-06-02 14:54:22,2.02000
2.02000,35.48497
2024-06-02 14:54:24,3.96000
3.96000,35.48497
2024-06-02 14:54:26,2.97000
2.97000,35.48497
2024-06-02 14:54:28,2.02000
2.02000,35.48492
2024-06-02 14:54:30,2.00000
2.00000,35.48492
2024-06-02 14:54:32,3.00000
3.00000,35.48492
2024-06-02 14:54:34,2.02000
2.02000,35.48492
2024-06-02 14:54:36,27.55000
27.55000,35.48833
2024-06-02 14:54:39,2.02000
2.02000,35.48833
2024-06-02 14:54:41,1.01000
1.01000,35.48833
2024-06-02 14:54:43,2.00000
2.00000,35.48833
2024-06-02 14:54:45,2.02000
2.02000,35.48833
2024-06-02 14:54:47,1.02000
1.02000,35.48833
2024-06-02 14:54:49,8.16000
8.16000,35.52072
2024-06-02 14:54:51,1.03000
1.03000,35.52072
2024-06-02 14:54:53,0.00000
0.00000,35.52072
2024-06-02 14:54:55,1.01000
1.01000,35.50309
2024-06-02 14:54:57,2.02000
2.02000,35.50309
2024-06-02 14:54:59,26.26000
26.26000,35.53330
2024-06-02 14:55:01,1.02000
1.02000,35.53330
2024-06-02 14:55:03,3.03000
3.03000,35.53627
2024-06-02 14:55:05,1.02000
1.02000,35.55152
2024-06-02 14:55:07,2.97000
2.97000,35.55152
2024-06-02 14:55:09,1.98000
1.98000,35.55152
2024-06-02 14:55:11,1.01000
1.01000,35.55152
2024-06-02 14:55:13,3.92000
3.92000,35.55152
2024-06-02 14:55:15,2.97000
2.97000,35.53914
2024-06-02 14:55:17,1.01000
1.01000,35.54167
2024-06-02 14:55:19,2.00000
2.00000,35.54167
2024-06-02 14:55:21,1.01000
1.01000,35.54167
2024-06-02 14:55:23,2.00000
2.00000,35.54167
2024-06-02 14:55:25,3.00000
3.00000,35.54167
2024-06-02 14:55:27,2.00000
2.00000,35.54167
2024-06-02 14:55:29,1.01000
1.01000,35.54167
2024-06-02 14:55:31,2.97000
2.97000,35.54167
2024-06-02 14:55:33,1.01000
1.01000,35.54167
2024-06-02 14:55:35,2.00000
2.00000,35.54167
2024-06-02 14:55:37,2.00000
2.00000,35.54162
2024-06-02 14:55:39,2.00000
2.00000,35.54162
2024-06-02 14:55:41,1.01000
1.01000,35.54162
2024-06-02 14:55:43,1.01000
1.01000,35.54162
2024-06-02 14:55:45,2.02000
2.02000,35.54162
2024-06-02 14:55:47,2.00000
2.00000,35.54162
2024-06-02 14:55:49,2.00000
2.00000,35.54162
2024-06-02 14:55:51,2.00000
2.00000,35.54162
2024-06-02 14:55:53,2.00000
2.00000,35.54162
2024-06-02 14:55:55,3.00000
3.00000,35.54162
2024-06-02 14:55:57,0.00000
0.00000,35.54162
2024-06-02 14:55:59,1.01000
1.01000,35.54162
2024-06-02 14:56:01,2.00000
2.00000,35.54162
2024-06-02 14:56:03,1.01000
1.01000,35.54162
2024-06-02 14:56:05,2.00000
2.00000,35.54162
2024-06-02 14:56:07,1.01000
1.01000,35.54162
2024-06-02 14:56:09,1.01000
1.01000,35.54162
2024-06-02 14:56:11,2.00000
2.00000,35.54162
2024-06-02 14:56:13,2.02000
2.02000,35.54162
2024-06-02 14:56:15,2.02000
2.02000,35.54162
2024-06-02 14:56:17,1.01000
1.01000,35.54162
2024-06-02 14:56:19,2.00000
2.00000,35.54162
2024-06-02 14:56:21,1.98000
1.98000,35.54162
2024-06-02 14:56:23,1.00000
1.00000,35.54162
2024-06-02 14:56:25,0.00000
0.00000,35.54162
2024-06-02 14:56:27,0.00000
0.00000,35.54157
2024-06-02 14:56:29,0.00000
0.00000,35.54157
2024-06-02 14:56:31,1.00000
1.00000,35.54157
2024-06-02 14:56:33,0.00000
0.00000,35.54157
2024-06-02 14:56:35,1.00000
1.00000,35.54157
2024-06-02 14:56:37,1.98000
1.98000,35.54157
2024-06-02 14:56:39,2.97000
2.97000,35.54157
2024-06-02 14:56:41,1.00000
1.00000,35.54157
2024-06-02 14:56:44,0.00000
0.00000,35.54157
2024-06-02 14:56:46,1.00000
1.00000,35.54157
2024-06-02 14:56:48,1.00000
1.00000,35.54157
2024-06-02 14:56:50,0.00000
0.00000,35.54157
2024-06-02 14:56:52,1.00000
1.00000,35.54142
2024-06-02 14:56:54,1.00000
1.00000,35.54142
2024-06-02 14:56:56,2.04000
2.04000,35.54142
2024-06-02 14:56:58,0.00000
0.00000,35.54142
2024-06-02 14:57:00,2.00000
2.00000,35.54142
2024-06-02 14:57:02,1.98000
1.98000,35.54142
2024-06-02 14:57:04,0.00000
0.00000,35.54142
2024-06-02 14:57:06,1.98000
1.98000,35.54142
2024-06-02 14:57:08,1.01000
1.01000,35.54142
2024-06-02 14:57:10,2.00000
2.00000,35.54142
2024-06-02 14:57:12,0.00000
0.00000,35.54142
2024-06-02 14:57:14,1.98000
1.98000,35.54142
2024-06-02 14:57:16,1.01000
1.01000,35.54142
2024-06-02 14:57:18,0.00000
0.00000,35.54142
2024-06-02 14:57:20,1.01000
1.01000,35.54142
2024-06-02 14:57:22,1.98000
1.98000,35.54142
2024-06-02 14:57:24,1.00000
1.00000,35.54434
2024-06-02 14:57:26,1.01000
1.01000,35.54434
2024-06-02 14:57:28,0.00000
0.00000,35.54434
2024-06-02 14:57:30,1.01000
1.01000,35.54434
2024-06-02 14:57:32,1.01000
1.01000,35.54434
2024-06-02 14:57:34,0.00000
0.00000,35.54434
2024-06-02 14:57:36,1.98000
1.98000,35.54434
2024-06-02 14:57:38,0.00000
0.00000,35.54434
2024-06-02 14:57:40,1.00000
1.00000,35.54434
2024-06-02 14:57:42,1.00000
1.00000,35.54434
2024-06-02 14:57:44,1.98000
1.98000,35.54434
2024-06-02 14:57:46,1.00000
1.00000,35.54434
2024-06-02 14:57:48,1.00000
1.00000,35.54434
2024-06-02 14:57:50,1.98000
1.98000,35.54434
2024-06-02 14:57:52,0.00000
0.00000,35.54434
2024-06-02 14:57:54,0.00000
0.00000,35.54434
2024-06-02 14:57:56,1.01000
1.01000,35.54434
2024-06-02 14:57:59,1.00000
1.00000,35.54434
2024-06-02 14:58:01,0.00000
0.00000,35.54434
2024-06-02 14:58:03,1.01000
1.01000,35.54434
2024-06-02 14:58:05,1.00000
1.00000,35.54434
2024-06-02 14:58:07,1.00000
1.00000,35.54434
2024-06-02 14:58:09,1.00000
1.00000,35.54434
2024-06-02 14:58:11,0.00000
0.00000,35.54434
2024-06-02 14:58:13,1.00000
1.00000,35.56707
2024-06-02 14:58:15,2.00000
2.00000,35.56707
2024-06-02 14:58:17,1.00000
1.00000,35.56707
2024-06-02 14:58:19,1.00000
1.00000,35.56707
2024-06-02 14:58:21,1.00000
1.00000,35.56707
2024-06-02 14:58:23,1.98000
1.98000,35.54345
2024-06-02 14:58:25,0.00000
0.00000,35.54345
2024-06-02 14:58:27,0.00000
0.00000,35.54340
2024-06-02 14:58:29,1.00000
1.00000,35.54340
2024-06-02 14:58:31,1.00000
1.00000,35.54340
2024-06-02 14:58:33,1.98000
1.98000,35.54340
2024-06-02 14:58:35,1.00000
1.00000,35.54340
2024-06-02 14:58:37,1.00000
1.00000,35.54340
2024-06-02 14:58:39,1.00000
1.00000,35.54340
2024-06-02 14:58:41,0.00000
0.00000,35.54335
2024-06-02 14:58:43,1.00000
1.00000,35.54335
2024-06-02 14:58:45,0.00000
0.00000,35.54335
2024-06-02 14:58:47,0.00000
0.00000,35.54335
2024-06-02 14:58:49,1.00000
1.00000,35.54335
2024-06-02 14:58:51,1.01000
1.01000,35.54335
2024-06-02 14:58:53,1.98000
1.98000,35.54335
2024-06-02 14:58:55,1.00000
1.00000,35.54335
2024-06-02 14:58:57,0.00000
0.00000,35.54335
2024-06-02 14:58:59,1.00000
1.00000,35.54335
2024-06-02 14:59:01,1.98000
1.98000,35.54335
2024-06-02 14:59:03,1.00000
1.00000,35.54335
2024-06-02 14:59:05,1.01000
1.01000,35.54335
2024-06-02 14:59:07,1.00000
1.00000,35.54335
2024-06-02 14:59:09,2.94000
2.94000,35.54335
2024-06-02 14:59:12,0.00000
0.00000,35.54335
2024-06-02 14:59:14,2.00000
2.00000,35.54335
2024-06-02 14:59:16,1.00000
1.00000,35.54335
2024-06-02 14:59:18,1.01000
1.01000,35.54335
2024-06-02 14:59:20,2.94000
2.94000,35.54335
2024-06-02 14:59:22,0.00000
0.00000,35.54335
2024-06-02 14:59:24,0.00000
0.00000,35.54335
2024-06-02 14:59:26,1.00000
1.00000,35.54335
2024-06-02 14:59:28,1.00000
1.00000,35.54335
2024-06-02 14:59:30,1.01000
1.01000,35.54335
2024-06-02 14:59:32,0.00000
0.00000,35.54335
2024-06-02 14:59:34,1.00000
1.00000,35.54335
2024-06-02 14:59:36,1.98000
1.98000,35.54335
2024-06-02 14:59:38,1.00000
1.00000,35.54335
2024-06-02 14:59:40,2.97000
2.97000,35.54335
2024-06-02 14:59:42,1.96000
1.96000,35.54335
2024-06-02 14:59:44,0.00000
0.00000,35.54335
2024-06-02 14:59:46,1.98000
1.98000,35.54335
2024-06-02 14:59:48,2.00000
2.00000,35.54335
2024-06-02 14:59:50,2.00000
2.00000,35.54335
2024-06-02 14:59:52,0.00000
0.00000,35.54335
2024-06-02 14:59:54,0.00000
0.00000,35.54335
2024-06-02 14:59:56,5.00000
5.00000,35.54335
2024-06-02 14:59:58,0.99000
0.99000,35.54335
2024-06-02 15:00:00,1.01000
1.01000,35.54335
2024-06-02 15:00:02,1.00000
1.00000,35.54335
2024-06-02 15:00:04,0.00000
0.00000,35.54335
2024-06-02 15:00:06,0.00000
0.00000,35.54335
2024-06-02 15:00:08,1.00000
1.00000,35.54335
2024-06-02 15:00:10,0.00000
0.00000,35.54335
2024-06-02 15:00:12,1.00000
1.00000,35.54335
2024-06-02 15:00:14,1.98000
1.98000,35.54335
2024-06-02 15:00:16,1.00000
1.00000,35.54335
2024-06-02 15:00:18,1.00000
1.00000,35.54335
2024-06-02 15:00:20,1.98000
1.98000,35.54335
2024-06-02 15:00:22,0.00000
0.00000,35.54335
2024-06-02 15:00:24,1.01000
1.01000,35.54330
2024-06-02 15:00:27,1.00000
1.00000,35.54330
2024-06-02 15:00:29,1.00000
1.00000,35.54330
2024-06-02 15:00:31,1.01000
1.01000,35.54330
2024-06-02 15:00:33,1.00000
1.00000,35.54330
2024-06-02 15:00:35,0.00000
0.00000,35.54330
2024-06-02 15:00:37,1.98000
1.98000,35.54330
2024-06-02 15:00:39,2.94000
2.94000,35.54330
2024-06-02 15:00:41,0.00000
0.00000,35.54330
2024-06-02 15:00:43,1.00000
1.00000,35.54330
2024-06-02 15:00:45,1.01000
1.01000,35.54330
2024-06-02 15:00:47,1.98000
1.98000,35.54330
2024-06-02 15:00:49,4.00000
4.00000,35.54637
2024-06-02 15:00:51,1.01000
1.01000,35.54885
2024-06-02 15:00:53,0.00000
0.00000,35.54924
2024-06-02 15:00:55,1.01000
1.01000,35.54924
2024-06-02 15:00:57,2.94000
2.94000,35.54924
2024-06-02 15:00:59,1.98000
1.98000,35.54924
2024-06-02 15:01:01,1.98000
1.98000,35.54924
2024-06-02 15:01:03,2.00000
2.00000,35.54919
2024-06-02 15:01:05,2.94000
2.94000,35.54919
2024-06-02 15:01:07,1.00000
1.00000,35.59990
2024-06-02 15:01:09,2.00000
2.00000,35.59990
2024-06-02 15:01:11,1.98000
1.98000,35.59990
2024-06-02 15:01:13,1.01000
1.01000,35.57256
2024-06-02 15:01:15,0.00000
0.00000,35.57256
2024-06-02 15:01:17,1.00000
1.00000,35.57256
2024-06-02 15:01:19,2.00000
2.00000,35.57256
2024-06-02 15:01:21,1.01000
1.01000,35.57256
2024-06-02 15:01:23,1.98000
1.98000,35.57261
2024-06-02 15:01:25,2.94000
2.94000,35.57261
2024-06-02 15:01:27,1.00000
1.00000,35.57261
2024-06-02 15:01:29,1.00000
1.00000,35.57261
2024-06-02 15:01:31,1.00000
1.00000,35.57261
2024-06-02 15:01:33,2.00000
2.00000,35.57261
2024-06-02 15:01:35,1.98000
1.98000,35.57261
2024-06-02 15:01:37,2.97000
2.97000,35.57261
2024-06-02 15:01:40,3.00000
3.00000,35.57261
2024-06-02 15:01:42,1.00000
1.00000,35.57261
2024-06-02 15:01:44,0.00000
0.00000,35.57261
2024-06-02 15:01:46,0.00000
0.00000,35.57256
2024-06-02 15:01:48,1.00000
1.00000,35.57256
2024-06-02 15:01:50,1.01000
1.01000,35.57242
2024-06-02 15:01:52,0.00000
0.00000,35.57242
2024-06-02 15:01:54,0.00000
0.00000,35.57242
2024-06-02 15:01:56,3.00000
3.00000,35.57242
2024-06-02 15:01:58,1.00000
1.00000,35.57242
2024-06-02 15:02:00,2.00000
2.00000,35.57242
2024-06-02 15:02:02,0.00000
0.00000,35.57242
2024-06-02 15:02:04,1.00000
1.00000,35.57242
2024-06-02 15:02:06,0.00000
0.00000,35.57242
2024-06-02 15:02:08,1.00000
1.00000,35.57242
2024-06-02 15:02:10,2.00000
2.00000,35.57242
2024-06-02 15:02:12,0.00000
0.00000,35.57242
2024-06-02 15:02:14,1.00000
1.00000,35.57242
2024-06-02 15:02:16,1.98000
1.98000,35.57242
2024-06-02 15:02:18,1.00000
1.00000,35.57242
2024-06-02 15:02:20,1.00000
1.00000,35.57242
2024-06-02 15:02:22,26.26000
26.26000,35.55088
2024-06-02 15:02:24,0.00000
0.00000,35.55375
2024-06-02 15:02:26,1.00000
1.00000,35.55375
2024-06-02 15:02:28,1.98000
1.98000,35.55375
2024-06-02 15:02:30,1.01000
1.01000,35.55375
2024-06-02 15:02:32,1.00000
1.00000,35.55375
2024-06-02 15:02:34,1.00000
1.00000,35.55375
2024-06-02 15:02:36,1.00000
1.00000,35.55375
2024-06-02 15:02:38,0.00000
0.00000,35.55375
2024-06-02 15:02:40,1.98000
1.98000,35.55375
2024-06-02 15:02:42,0.00000
0.00000,35.55375
2024-06-02 15:02:44,1.98000
1.98000,35.55375
2024-06-02 15:02:46,0.00000
0.00000,35.55375
2024-06-02 15:02:48,0.00000
0.00000,35.55375
2024-06-02 15:02:50,0.00000
0.00000,35.55375
2024-06-02 15:02:53,0.00000
0.00000,35.55375
2024-06-02 15:02:55,29.00000
29.00000,35.56608
2024-06-02 15:02:57,1.00000
1.00000,35.56885
2024-06-02 15:02:59,1.00000
1.00000,35.56885
2024-06-02 15:03:01,0.00000
0.00000,35.56524
2024-06-02 15:03:03,1.01000
1.01000,35.56524
2024-06-02 15:03:05,25.25000
25.25000,35.63352
2024-06-02 15:03:07,0.00000
0.00000,35.60827
2024-06-02 15:03:09,0.00000
0.00000,35.60827
2024-06-02 15:03:11,3.03000
3.03000,35.55711
2024-06-02 15:03:13,2.00000
2.00000,35.56018
2024-06-02 15:03:15,8.00000
8.00000,35.64858
2024-06-02 15:03:17,24.00000
24.00000,35.62372
2024-06-02 15:03:19,2.97000
2.97000,35.62372
2024-06-02 15:03:21,26.26000
26.26000,35.70527
2024-06-02 15:03:23,2.02000
2.02000,35.70527
2024-06-02 15:03:25,22.00000
22.00000,35.45580
2024-06-02 15:03:27,0.00000
0.00000,35.42505
2024-06-02 15:03:29,1.01000
1.01000,35.42505
2024-06-02 15:03:31,3.00000
3.00000,35.42505
2024-06-02 15:03:33,4.00000
4.00000,35.42505
